<?xml version="1.0" encoding="UTF-8"?>
<testng-results ignored="0" total="1" passed="1" failed="0" skipped="0">
  <reporter-output>
  </reporter-output>
  <suite started-at="2025-12-09T16:42:11 IST" name="Failed suite [Suite]" finished-at="2025-12-09T16:42:21 IST" duration-ms="10886">
    <groups>
      <group name="Sanity">
        <method signature="TC001_RegistrationTest.verify_Registration_Flow()[pri:0, instance:testCases.TC001_RegistrationTest@a3d9978]" name="verify_Registration_Flow" class="testCases.TC001_RegistrationTest"/>
      </group> <!-- Sanity -->
      <group name="Regression">
        <method signature="TC001_RegistrationTest.verify_Registration_Flow()[pri:0, instance:testCases.TC001_RegistrationTest@a3d9978]" name="verify_Registration_Flow" class="testCases.TC001_RegistrationTest"/>
      </group> <!-- Regression -->
    </groups>
    <test started-at="2025-12-09T16:42:11 IST" name="Test(failed)" finished-at="2025-12-09T16:42:21 IST" duration-ms="10886">
      <class name="testCases.TC001_RegistrationTest">
        <test-method is-config="true" signature="setUp(java.lang.String)[pri:0, instance:testCases.TC001_RegistrationTest@a3d9978]" started-at="2025-12-09T16:42:11 IST" name="setUp" finished-at="2025-12-09T16:42:16 IST" duration-ms="4918" status="PASS">
          <params>
            <param index="0">
              <value>
                <![CDATA[chrome]]>
              </value>
            </param>
          </params>
          <reporter-output>
          </reporter-output>
        </test-method> <!-- setUp -->
        <test-method signature="verify_Registration_Flow()[pri:0, instance:testCases.TC001_RegistrationTest@a3d9978]" started-at="2025-12-09T16:42:16 IST" name="verify_Registration_Flow" finished-at="2025-12-09T16:42:21 IST" duration-ms="5343" status="PASS">
          <reporter-output>
          </reporter-output>
        </test-method> <!-- verify_Registration_Flow -->
        <test-method is-config="true" signature="tearDown()[pri:0, instance:testCases.TC001_RegistrationTest@a3d9978]" started-at="2025-12-09T16:42:21 IST" name="tearDown" finished-at="2025-12-09T16:42:21 IST" duration-ms="277" status="PASS">
          <reporter-output>
          </reporter-output>
        </test-method> <!-- tearDown -->
      </class> <!-- testCases.TC001_RegistrationTest -->
    </test> <!-- Test(failed) -->
  </suite> <!-- Failed suite [Suite] -->
</testng-results>
