<?xml version="1.0" encoding="UTF-8"?>
<!-- Generated by org.testng.reporters.JUnitReportReporter -->
<testsuite hostname="LAPTOP-QNA3O4MF" failures="0" tests="2" name="testCases.TC002_LoginTestcasesUsingExcel" time="6.099" errors="0" timestamp="2025-12-05T17:41:12 IST" skipped="0">
  <testcase classname="testCases.TC002_LoginTestcasesUsingExcel" name="verify_Login" time="3.084"/>
  <testcase classname="testCases.TC002_LoginTestcasesUsingExcel" name="verify_Login" time="3.015"/>
</testsuite> <!-- testCases.TC002_LoginTestcasesUsingExcel -->
